0 info it worked if it ends with ok
1 verbose cli [ '/usr/bin/node',
1 verbose cli   '/usr/bin/npm',
1 verbose cli   'run',
1 verbose cli   'start:service',
1 verbose cli   'debug' ]
2 info using npm@3.10.10
3 info using node@v6.12.0
4 verbose run-script [ 'prestart:service', 'start:service', 'poststart:service' ]
5 info lifecycle modbusexport@1.0.0~prestart:service: modbusexport@1.0.0
6 silly lifecycle modbusexport@1.0.0~prestart:service: no script for prestart:service, continuing
7 info lifecycle modbusexport@1.0.0~start:service: modbusexport@1.0.0
8 verbose lifecycle modbusexport@1.0.0~start:service: unsafe-perm in lifecycle true
9 verbose lifecycle modbusexport@1.0.0~start:service: PATH: /usr/lib/node_modules/npm/bin/node-gyp-bin:/home/jalil/src/github/modbus-reading/node_modules/.bin:/usr/local/sbin:/usr/local/bin:/usr/sbin:/usr/bin:/sbin:/bin:/snap/bin
10 verbose lifecycle modbusexport@1.0.0~start:service: CWD: /home/jalil/src/github/modbus-reading
11 silly lifecycle modbusexport@1.0.0~start:service: Args: [ '-c', 'node build/index.js "debug"' ]
12 silly lifecycle modbusexport@1.0.0~start:service: Returned: code: 1  signal: null
13 info lifecycle modbusexport@1.0.0~start:service: Failed to exec start:service script
14 verbose stack Error: modbusexport@1.0.0 start:service: `node build/index.js "debug"`
14 verbose stack Exit status 1
14 verbose stack     at EventEmitter.<anonymous> (/usr/lib/node_modules/npm/lib/utils/lifecycle.js:255:16)
14 verbose stack     at emitTwo (events.js:106:13)
14 verbose stack     at EventEmitter.emit (events.js:191:7)
14 verbose stack     at ChildProcess.<anonymous> (/usr/lib/node_modules/npm/lib/utils/spawn.js:40:14)
14 verbose stack     at emitTwo (events.js:106:13)
14 verbose stack     at ChildProcess.emit (events.js:191:7)
14 verbose stack     at maybeClose (internal/child_process.js:920:16)
14 verbose stack     at Process.ChildProcess._handle.onexit (internal/child_process.js:230:5)
15 verbose pkgid modbusexport@1.0.0
16 verbose cwd /home/jalil/src/github/modbus-reading
17 error Linux 4.10.0-40-generic
18 error argv "/usr/bin/node" "/usr/bin/npm" "run" "start:service" "debug"
19 error node v6.12.0
20 error npm  v3.10.10
21 error code ELIFECYCLE
22 error modbusexport@1.0.0 start:service: `node build/index.js "debug"`
22 error Exit status 1
23 error Failed at the modbusexport@1.0.0 start:service script 'node build/index.js "debug"'.
23 error Make sure you have the latest version of node.js and npm installed.
23 error If you do, this is most likely a problem with the modbusexport package,
23 error not with npm itself.
23 error Tell the author that this fails on your system:
23 error     node build/index.js "debug"
23 error You can get information on how to open an issue for this project with:
23 error     npm bugs modbusexport
23 error Or if that isn't available, you can get their info via:
23 error     npm owner ls modbusexport
23 error There is likely additional logging output above.
24 verbose exit [ 1, true ]
